/*
* Copyright (c) 2006 Nokia Corporation and/or its subsidiary(-ies).
* All rights reserved.
* This component and the accompanying materials are made available
* under the terms of "Eclipse Public License v1.0"
* which accompanies this distribution, and is available
* at the URL "http://www.eclipse.org/legal/epl-v10.html".
*
* Initial Contributors:
* Nokia Corporation - initial contribution.
*
* Contributors:
*
* Description:
*
*/

component   mm-protocols_rtp
source	    \sf\mw\ipappprotocols\realtimenetprots\rtp
binary	    \sf\mw\ipappprotocols\realtimenetprots\rtp\group	all
exports	    \sf\mw\ipappprotocols\realtimenetprots\rtp\group
notes_source	\component_defs\release.src

ipr E 

ipr T \sf\mw\ipappprotocols\realtimenetprots\rtp\shimrtp\test
ipr T \sf\mw\ipappprotocols\realtimenetprots\rtp\cfrtp\test
ipr T \sf\mw\ipappprotocols\realtimenetprots\rtp\rtpcore\test

