/*
* Copyright (c) 2006 Nokia Corporation and/or its subsidiary(-ies).
* All rights reserved.
* This component and the accompanying materials are made available
* under the terms of "Eclipse Public License v1.0"
* which accompanies this distribution, and is available
* at the URL "http://www.eclipse.org/legal/epl-v10.html".
*
* Initial Contributors:
* Nokia Corporation - initial contribution.
*
* Contributors:
*
* Description:
*
*/

component           ipappprotocols_metadata
source   \sf\mw\ipappprotocols\ipappprotocols_info\ipappprotocols_metadata 
source   \sf\mw\ipappprotocols\package_definition.xml
source   \sf\mw\ipappprotocols\distribution.policy.s60
source   \sf\mw\ipappprotocols\package_definition_v2.xml
notes_source      \component_defs\release.src
ipr T 
