// Copyright (c) 2007-2009 Nokia Corporation and/or its subsidiary(-ies).
// All rights reserved.
// This component and the accompanying materials are made available
// under the terms of "Eclipse Public License v1.0"
// which accompanies this distribution, and is available
// at the URL "http://www.eclipse.org/legal/epl-v10.html".
//
// Initial Contributors:
// Nokia Corporation - initial contribution.
//
// Contributors:
//
// Description:
// mm-protocols_SipProvider.mrp
// 
//

/**
 @file mm-protocols_SipProvider.mrp
*/

component		mm-protocols_SipProvider

component		mm-protocols_SipProvider
source			\sf\mw\ipappprotocols\sipproviderplugins\sipprovider
binary			\sf\mw\ipappprotocols\sipproviderplugins\sipprovider\group    all
exports			\sf\mw\ipappprotocols\sipproviderplugins\sipprovider\group
notes_source	\component_defs\release.src


#  == IPR section auto-inserted from distribution.policy files  ==
ipr E 


ipr E \sf\mw\ipappprotocols\sipproviderplugins\sipprovider\sipconnectionplugins
ipr E \sf\mw\ipappprotocols\sipproviderplugins\sipprovider\sipdummyprt
ipr E \sf\mw\ipappprotocols\sipproviderplugins\sipprovider\sipstatemachine
ipr E \sf\mw\ipappprotocols\sipproviderplugins\sipprovider\Test\ResolverPlugin
ipr E \sf\mw\ipappprotocols\sipproviderplugins\sipprovider\Test


# == end auto-inserted section ==
