/*
* Copyright (c) 2006 Nokia Corporation and/or its subsidiary(-ies).
* All rights reserved.
* This component and the accompanying materials are made available
* under the terms of "Eclipse Public License v1.0"
* which accompanies this distribution, and is available
* at the URL "http://www.eclipse.org/legal/epl-v10.html".
*
* Initial Contributors:
* Nokia Corporation - initial contribution.
*
* Contributors:
*
* Description:
*
*/

component	mm-protocols_SIP2_Com
source	\sf\mw\ipappprotocols\realtimenetprots\sipfw
binary	\sf\mw\ipappprotocols\realtimenetprots\sipfw\Group	all
exports	\sf\mw\ipappprotocols\realtimenetprots\sipfw\Group
notes_source	\component_defs\release.src


ipr E

ipr B \sf\mw\ipappprotocols\realtimenetprots\sipfw\ClientResolver\Documentation
ipr B \sf\mw\ipappprotocols\realtimenetprots\sipfw\ProfileAgent\Documentation
ipr B \sf\mw\ipappprotocols\realtimenetprots\sipfw\SDP\Documentation
ipr B \sf\mw\ipappprotocols\realtimenetprots\sipfw\SigComp\Documentation
ipr B \sf\mw\ipappprotocols\realtimenetprots\sipfw\SIP\Codec\Documentation
ipr B \sf\mw\ipappprotocols\realtimenetprots\sipfw\SIP\Documentation
ipr B \sf\mw\ipappprotocols\realtimenetprots\sipfw\SIP\NATTraversalController\Documentation
ipr B \sf\mw\ipappprotocols\realtimenetprots\sipfw\SIP\SystemStateMonitor\Documentation
ipr F \sf\mw\ipappprotocols\realtimenetprots\sipfw\SampleApp
ipr F \sf\mw\ipappprotocols\realtimenetprots\sipfw\SIP\NATTraversalController\example_plugin
ipr F \sf\mw\ipappprotocols\realtimenetprots\sipfw\SIP\SystemStateMonitor\example_plugin
ipr T \sf\mw\ipappprotocols\realtimenetprots\sipfw\Test

